# JRE version: OpenJDK Runtime Environment Temurin-21.0.10+7 (21.0.10+7) (build 21.0.10+7-LTS)
# Java VM: OpenJDK 64-Bit Server VM Temurin-21.0.10+7 (21.0.10+7-LTS, mixed mode, sharing, tiered, compressed oops, compressed class ptrs, parallel gc, windows-amd64)
GC Precious Log:
 CardTable entry size: 512
 CPUs: 12 total, 12 available
 Memory: 15690M
 Large Page Support: Disabled
 NUMA Support: Disabled
 Compressed Oops: Enabled (32-bit)
 Alignments: Space 512K, Generation 512K, Heap 2M
 Heap Min Capacity: 100M
 Heap Initial Capacity: 100M
 Heap Max Capacity: 2G
 Pre-touch: Disabled
 Parallel Workers: 10
Heap:
 PSYoungGen      total 13312K, used 8860K [0x00000000d5580000, 0x00000000d6500000, 0x0000000100000000)
  eden space 12800K, 65% used [0x00000000d5580000,0x00000000d5da7228,0x00000000d6200000)
  from space 512K, 100% used [0x00000000d6480000,0x00000000d6500000,0x00000000d6500000)
  to   space 512K, 0% used [0x00000000d6400000,0x00000000d6400000,0x00000000d6480000)
 ParOldGen       total 68608K, used 54684K [0x0000000080000000, 0x0000000084300000, 0x00000000d5580000)
  object space 68608K, 79% used [0x0000000080000000,0x0000000083567398,0x0000000084300000)
 Metaspace       used 63152K, committed 64576K, reserved 1114112K
  class space    used 7366K, committed 8000K, reserved 1048576K
GC Heap History (20 events):
Event: 41.693 GC heap before
{Heap before GC invocations=37 (full 2):
 PSYoungGen      total 16384K, used 16000K [0x00000000d5580000, 0x00000000d6700000, 0x0000000100000000)
  eden space 15360K, 100% used [0x00000000d5580000,0x00000000d6480000,0x00000000d6480000)
  from space 1024K, 62% used [0x00000000d6600000,0x00000000d66a0000,0x00000000d6700000)
  to   space 1024K, 0% used [0x00000000d6480000,0x00000000d6480000,0x00000000d6580000)
 ParOldGen       total 68608K, used 49641K [0x0000000080000000, 0x0000000084300000, 0x00000000d5580000)
  object space 68608K, 72% used [0x0000000080000000,0x000000008307a598,0x0000000084300000)
 Metaspace       used 54647K, committed 55936K, reserved 1114112K
  class space    used 6180K, committed 6784K, reserved 1048576K
}
Event: 41.695 GC heap after
{Heap after GC invocations=37 (full 2):
 PSYoungGen      total 16384K, used 704K [0x00000000d5580000, 0x00000000d6680000, 0x0000000100000000)
  eden space 15360K, 0% used [0x00000000d5580000,0x00000000d5580000,0x00000000d6480000)
  from space 1024K, 68% used [0x00000000d6480000,0x00000000d6530000,0x00000000d6580000)
  to   space 1024K, 0% used [0x00000000d6580000,0x00000000d6580000,0x00000000d6680000)
 ParOldGen       total 68608K, used 50137K [0x0000000080000000, 0x0000000084300000, 0x00000000d5580000)
  object space 68608K, 73% used [0x0000000080000000,0x00000000830f6598,0x0000000084300000)
 Metaspace       used 54647K, committed 55936K, reserved 1114112K
  class space    used 6180K, committed 6784K, reserved 1048576K
}
Event: 41.887 GC heap before
{Heap before GC invocations=38 (full 2):
 PSYoungGen      total 16384K, used 16064K [0x00000000d5580000, 0x00000000d6680000, 0x0000000100000000)
  eden space 15360K, 100% used [0x00000000d5580000,0x00000000d6480000,0x00000000d6480000)
  from space 1024K, 68% used [0x00000000d6480000,0x00000000d6530000,0x00000000d6580000)
  to   space 1024K, 0% used [0x00000000d6580000,0x00000000d6580000,0x00000000d6680000)
 ParOldGen       total 68608K, used 50201K [0x0000000080000000, 0x0000000084300000, 0x00000000d5580000)
  object space 68608K, 73% used [0x0000000080000000,0x00000000831065a8,0x0000000084300000)
 Metaspace       used 55195K, committed 56448K, reserved 1114112K
  class space    used 6244K, committed 6848K, reserved 1048576K
}
Event: 41.889 GC heap after
{Heap after GC invocations=38 (full 2):
 PSYoungGen      total 13824K, used 992K [0x00000000d5580000, 0x00000000d6b80000, 0x0000000100000000)
  eden space 12800K, 0% used [0x00000000d5580000,0x00000000d5580000,0x00000000d6200000)
  from space 1024K, 96% used [0x00000000d6580000,0x00000000d6678358,0x00000000d6680000)
  to   space 3584K, 0% used [0x00000000d6200000,0x00000000d6200000,0x00000000d6580000)
 ParOldGen       total 68608K, used 52322K [0x0000000080000000, 0x0000000084300000, 0x00000000d5580000)
  object space 68608K, 76% used [0x0000000080000000,0x0000000083318950,0x0000000084300000)
 Metaspace       used 55195K, committed 56448K, reserved 1114112K
  class space    used 6244K, committed 6848K, reserved 1048576K
}
Event: 42.019 GC heap before
{Heap before GC invocations=39 (full 2):
 PSYoungGen      total 13824K, used 13792K [0x00000000d5580000, 0x00000000d6b80000, 0x0000000100000000)
  eden space 12800K, 100% used [0x00000000d5580000,0x00000000d6200000,0x00000000d6200000)
  from space 1024K, 96% used [0x00000000d6580000,0x00000000d6678358,0x00000000d6680000)
  to   space 3584K, 0% used [0x00000000d6200000,0x00000000d6200000,0x00000000d6580000)
 ParOldGen       total 68608K, used 52327K [0x0000000080000000, 0x0000000084300000, 0x00000000d5580000)
  object space 68608K, 76% used [0x0000000080000000,0x0000000083319c88,0x0000000084300000)
 Metaspace       used 55571K, committed 56832K, reserved 1114112K
  class space    used 6309K, committed 6912K, reserved 1048576K
}
Event: 42.021 GC heap after
{Heap after GC invocations=39 (full 2):
 PSYoungGen      total 15872K, used 2610K [0x00000000d5580000, 0x00000000d6800000, 0x0000000100000000)
  eden space 12800K, 0% used [0x00000000d5580000,0x00000000d5580000,0x00000000d6200000)
  from space 3072K, 84% used [0x00000000d6200000,0x00000000d648c8c8,0x00000000d6500000)
  to   space 3072K, 0% used [0x00000000d6500000,0x00000000d6500000,0x00000000d6800000)
 ParOldGen       total 68608K, used 53344K [0x0000000080000000, 0x0000000084300000, 0x00000000d5580000)
  object space 68608K, 77% used [0x0000000080000000,0x0000000083418328,0x0000000084300000)
 Metaspace       used 55571K, committed 56832K, reserved 1114112K
  class space    used 6309K, committed 6912K, reserved 1048576K
}
Event: 42.179 GC heap before
{Heap before GC invocations=40 (full 2):
 PSYoungGen      total 15872K, used 15410K [0x00000000d5580000, 0x00000000d6800000, 0x0000000100000000)
  eden space 12800K, 100% used [0x00000000d5580000,0x00000000d6200000,0x00000000d6200000)
  from space 3072K, 84% used [0x00000000d6200000,0x00000000d648c8c8,0x00000000d6500000)
  to   space 3072K, 0% used [0x00000000d6500000,0x00000000d6500000,0x00000000d6800000)
 ParOldGen       total 68608K, used 53344K [0x0000000080000000, 0x0000000084300000, 0x00000000d5580000)
  object space 68608K, 77% used [0x0000000080000000,0x0000000083418328,0x0000000084300000)
 Metaspace       used 55910K, committed 57280K, reserved 1114112K
  class space    used 6382K, committed 7040K, reserved 1048576K
}
Event: 42.181 GC heap after
{Heap after GC invocations=40 (full 2):
 PSYoungGen      total 13312K, used 512K [0x00000000d5580000, 0x00000000d6580000, 0x0000000100000000)
  eden space 12800K, 0% used [0x00000000d5580000,0x00000000d5580000,0x00000000d6200000)
  from space 512K, 100% used [0x00000000d6500000,0x00000000d6580000,0x00000000d6580000)
  to   space 1536K, 0% used [0x00000000d6280000,0x00000000d6280000,0x00000000d6400000)
 ParOldGen       total 68608K, used 55775K [0x0000000080000000, 0x0000000084300000, 0x00000000d5580000)
  object space 68608K, 81% used [0x0000000080000000,0x0000000083677de0,0x0000000084300000)
 Metaspace       used 55910K, committed 57280K, reserved 1114112K
  class space    used 6382K, committed 7040K, reserved 1048576K
}
Event: 42.436 GC heap before
{Heap before GC invocations=41 (full 2):
 PSYoungGen      total 13312K, used 13254K [0x00000000d5580000, 0x00000000d6580000, 0x0000000100000000)
  eden space 12800K, 99% used [0x00000000d5580000,0x00000000d61f1b40,0x00000000d6200000)
  from space 512K, 100% used [0x00000000d6500000,0x00000000d6580000,0x00000000d6580000)
  to   space 1536K, 0% used [0x00000000d6280000,0x00000000d6280000,0x00000000d6400000)
 ParOldGen       total 68608K, used 55775K [0x0000000080000000, 0x0000000084300000, 0x00000000d5580000)
  object space 68608K, 81% used [0x0000000080000000,0x0000000083677de0,0x0000000084300000)
 Metaspace       used 56701K, committed 58048K, reserved 1114112K
  class space    used 6525K, committed 7168K, reserved 1048576K
}
Event: 42.438 GC heap after
{Heap after GC invocations=41 (full 2):
 PSYoungGen      total 14336K, used 720K [0x00000000d5580000, 0x00000000d6580000, 0x0000000100000000)
  eden space 12800K, 0% used [0x00000000d5580000,0x00000000d5580000,0x00000000d6200000)
  from space 1536K, 46% used [0x00000000d6280000,0x00000000d6334010,0x00000000d6400000)
  to   space 1024K, 0% used [0x00000000d6480000,0x00000000d6480000,0x00000000d6580000)
 ParOldGen       total 68608K, used 56111K [0x0000000080000000, 0x0000000084300000, 0x00000000d5580000)
  object space 68608K, 81% used [0x0000000080000000,0x00000000836cbdf0,0x0000000084300000)
 Metaspace       used 56701K, committed 58048K, reserved 1114112K
  class space    used 6525K, committed 7168K, reserved 1048576K
}
Event: 42.653 GC heap before
{Heap before GC invocations=42 (full 2):
 PSYoungGen      total 14336K, used 13520K [0x00000000d5580000, 0x00000000d6580000, 0x0000000100000000)
  eden space 12800K, 100% used [0x00000000d5580000,0x00000000d6200000,0x00000000d6200000)
  from space 1536K, 46% used [0x00000000d6280000,0x00000000d6334010,0x00000000d6400000)
  to   space 1024K, 0% used [0x00000000d6480000,0x00000000d6480000,0x00000000d6580000)
 ParOldGen       total 68608K, used 56111K [0x0000000080000000, 0x0000000084300000, 0x00000000d5580000)
  object space 68608K, 81% used [0x0000000080000000,0x00000000836cbdf0,0x0000000084300000)
 Metaspace       used 57769K, committed 59136K, reserved 1114112K
  class space    used 6683K, committed 7296K, reserved 1048576K
}
Event: 42.655 GC heap after
{Heap after GC invocations=42 (full 2):
 PSYoungGen      total 13312K, used 416K [0x00000000d5580000, 0x00000000d6500000, 0x0000000100000000)
  eden space 12800K, 0% used [0x00000000d5580000,0x00000000d5580000,0x00000000d6200000)
  from space 512K, 81% used [0x00000000d6480000,0x00000000d64e8000,0x00000000d6500000)
  to   space 1024K, 0% used [0x00000000d6300000,0x00000000d6300000,0x00000000d6400000)
 ParOldGen       total 68608K, used 56687K [0x0000000080000000, 0x0000000084300000, 0x00000000d5580000)
  object space 68608K, 82% used [0x0000000080000000,0x000000008375be10,0x0000000084300000)
 Metaspace       used 57769K, committed 59136K, reserved 1114112K
  class space    used 6683K, committed 7296K, reserved 1048576K
}
Event: 42.769 GC heap before
{Heap before GC invocations=43 (full 2):
 PSYoungGen      total 13312K, used 7741K [0x00000000d5580000, 0x00000000d6500000, 0x0000000100000000)
  eden space 12800K, 57% used [0x00000000d5580000,0x00000000d5ca7438,0x00000000d6200000)
  from space 512K, 81% used [0x00000000d6480000,0x00000000d64e8000,0x00000000d6500000)
  to   space 1024K, 0% used [0x00000000d6300000,0x00000000d6300000,0x00000000d6400000)
 ParOldGen       total 68608K, used 56687K [0x0000000080000000, 0x0000000084300000, 0x00000000d5580000)
  object space 68608K, 82% used [0x0000000080000000,0x000000008375be10,0x0000000084300000)
 Metaspace       used 58437K, committed 59776K, reserved 1114112K
  class space    used 6760K, committed 7424K, reserved 1048576K
}
Event: 42.770 GC heap after
{Heap after GC invocations=43 (full 2):
 PSYoungGen      total 13824K, used 384K [0x00000000d5580000, 0x00000000d6500000, 0x0000000100000000)
  eden space 12800K, 0% used [0x00000000d5580000,0x00000000d5580000,0x00000000d6200000)
  from space 1024K, 37% used [0x00000000d6300000,0x00000000d6360010,0x00000000d6400000)
  to   space 512K, 0% used [0x00000000d6480000,0x00000000d6480000,0x00000000d6500000)
 ParOldGen       total 68608K, used 56983K [0x0000000080000000, 0x0000000084300000, 0x00000000d5580000)
  object space 68608K, 83% used [0x0000000080000000,0x00000000837a5e10,0x0000000084300000)
 Metaspace       used 58437K, committed 59776K, reserved 1114112K
  class space    used 6760K, committed 7424K, reserved 1048576K
}
Event: 42.770 GC heap before
{Heap before GC invocations=44 (full 3):
 PSYoungGen      total 13824K, used 384K [0x00000000d5580000, 0x00000000d6500000, 0x0000000100000000)
  eden space 12800K, 0% used [0x00000000d5580000,0x00000000d5580000,0x00000000d6200000)
  from space 1024K, 37% used [0x00000000d6300000,0x00000000d6360010,0x00000000d6400000)
  to   space 512K, 0% used [0x00000000d6480000,0x00000000d6480000,0x00000000d6500000)
 ParOldGen       total 68608K, used 56983K [0x0000000080000000, 0x0000000084300000, 0x00000000d5580000)
  object space 68608K, 83% used [0x0000000080000000,0x00000000837a5e10,0x0000000084300000)
 Metaspace       used 58437K, committed 59776K, reserved 1114112K
  class space    used 6760K, committed 7424K, reserved 1048576K
}
Event: 42.870 GC heap after
{Heap after GC invocations=44 (full 3):
 PSYoungGen      total 13824K, used 0K [0x00000000d5580000, 0x00000000d6500000, 0x0000000100000000)
  eden space 12800K, 0% used [0x00000000d5580000,0x00000000d5580000,0x00000000d6200000)
  from space 1024K, 0% used [0x00000000d6300000,0x00000000d6300000,0x00000000d6400000)
  to   space 512K, 0% used [0x00000000d6480000,0x00000000d6480000,0x00000000d6500000)
 ParOldGen       total 68608K, used 52402K [0x0000000080000000, 0x0000000084300000, 0x00000000d5580000)
  object space 68608K, 76% used [0x0000000080000000,0x000000008332c898,0x0000000084300000)
 Metaspace       used 58437K, committed 59776K, reserved 1114112K
  class space    used 6760K, committed 7424K, reserved 1048576K
}
Event: 43.178 GC heap before
{Heap before GC invocations=45 (full 3):
 PSYoungGen      total 13824K, used 12800K [0x00000000d5580000, 0x00000000d6500000, 0x0000000100000000)
  eden space 12800K, 100% used [0x00000000d5580000,0x00000000d6200000,0x00000000d6200000)
  from space 1024K, 0% used [0x00000000d6300000,0x00000000d6300000,0x00000000d6400000)
  to   space 512K, 0% used [0x00000000d6480000,0x00000000d6480000,0x00000000d6500000)
 ParOldGen       total 68608K, used 52402K [0x0000000080000000, 0x0000000084300000, 0x00000000d5580000)
  object space 68608K, 76% used [0x0000000080000000,0x000000008332c898,0x0000000084300000)
 Metaspace       used 59938K, committed 61376K, reserved 1114112K
  class space    used 6933K, committed 7616K, reserved 1048576K
}
Event: 43.180 GC heap after
{Heap after GC invocations=45 (full 3):
 PSYoungGen      total 13312K, used 480K [0x00000000d5580000, 0x00000000d6500000, 0x0000000100000000)
  eden space 12800K, 0% used [0x00000000d5580000,0x00000000d5580000,0x00000000d6200000)
  from space 512K, 93% used [0x00000000d6480000,0x00000000d64f8000,0x00000000d6500000)
  to   space 512K, 0% used [0x00000000d6400000,0x00000000d6400000,0x00000000d6480000)
 ParOldGen       total 68608K, used 52410K [0x0000000080000000, 0x0000000084300000, 0x00000000d5580000)
  object space 68608K, 76% used [0x0000000080000000,0x000000008332e898,0x0000000084300000)
 Metaspace       used 59938K, committed 61376K, reserved 1114112K
  class space    used 6933K, committed 7616K, reserved 1048576K
}
Event: 43.549 GC heap before
{Heap before GC invocations=46 (full 3):
 PSYoungGen      total 13312K, used 13280K [0x00000000d5580000, 0x00000000d6500000, 0x0000000100000000)
  eden space 12800K, 100% used [0x00000000d5580000,0x00000000d6200000,0x00000000d6200000)
  from space 512K, 93% used [0x00000000d6480000,0x00000000d64f8000,0x00000000d6500000)
  to   space 512K, 0% used [0x00000000d6400000,0x00000000d6400000,0x00000000d6480000)
 ParOldGen       total 68608K, used 52410K [0x0000000080000000, 0x0000000084300000, 0x00000000d5580000)
  object space 68608K, 76% used [0x0000000080000000,0x000000008332e898,0x0000000084300000)
 Metaspace       used 61460K, committed 62848K, reserved 1114112K
  class space    used 7161K, committed 7808K, reserved 1048576K
}
Event: 43.552 GC heap after
{Heap after GC invocations=46 (full 3):
 PSYoungGen      total 13312K, used 510K [0x00000000d5580000, 0x00000000d6500000, 0x0000000100000000)
  eden space 12800K, 0% used [0x00000000d5580000,0x00000000d5580000,0x00000000d6200000)
  from space 512K, 99% used [0x00000000d6400000,0x00000000d647fa58,0x00000000d6480000)
  to   space 512K, 0% used [0x00000000d6480000,0x00000000d6480000,0x00000000d6500000)
 ParOldGen       total 68608K, used 52976K [0x0000000080000000, 0x0000000084300000, 0x00000000d5580000)
  object space 68608K, 77% used [0x0000000080000000,0x00000000833bc040,0x0000000084300000)
 Metaspace       used 61460K, committed 62848K, reserved 1114112K
  class space    used 7161K, committed 7808K, reserved 1048576K
}

